1 -> 12 : 0.277
2 -> 12 : -0.646
3 -> 12 : 0.028
4 -> 12 : -1.786
5 -> 12 : -0.208
6 -> 12 : 1.366
7 -> 12 : -0.236
8 -> 12 : 2.017
9 -> 12 : 0.071
10 -> 12 : -1
11 -> 12 : 0.482
15 -> 12 : -0.996
16 -> 12 : -0.425
18 -> 12 : -0.635
33 -> 12 : -1.997
13 -> 12 : 0.028
12 -> 12 : 1.745
14 -> 12 : -0.612
12 -> 13 : -0.583
16 -> 13 : 0.09
9 -> 13 : 0.154
14 -> 13 : -0.565
10 -> 13 : 0.526
1 -> 13 : -0.105
3 -> 13 : 0.317
4 -> 13 : -0.683
6 -> 13 : -0.371
15 -> 13 : -2.424
8 -> 13 : 0.156
18 -> 13 : -0.649
7 -> 13 : 0.405
17 -> 13 : 0.133
13 -> 13 : -1.339
78 -> 13 : -0.087
12 -> 14 : 0.386
17 -> 14 : 1.407
9 -> 14 : -0.954
11 -> 14 : -0.658
2 -> 14 : 0.564
8 -> 14 : -0.714
4 -> 14 : -0.042
10 -> 14 : 2.705
6 -> 14 : 2.127
3 -> 14 : -0.016
15 -> 14 : -2.762
14 -> 14 : -0.703
3 -> 33 : 1.276
16 -> 33 : 0.444
7 -> 33 : 0.597
15 -> 33 : -0.232
18 -> 33 : -0.746
4 -> 33 : -1.586
33 -> 33 : 0.122
1 -> 33 : -1.069
5 -> 33 : 0.082
11 -> 33 : 0.412
3 -> 78 : 0.702
14 -> 78 : -1.329
78 -> 78 : 0.007
